{"contracts/AppLogic.sol":{"l":{"35":18,"36":17,"37":16,"38":15,"40":14,"41":14,"44":14,"45":14,"46":14,"47":14,"51":26,"76":151,"77":151,"78":151,"79":150,"80":150,"96":991,"113":991,"114":991,"115":991,"116":990,"117":990,"118":405,"120":585,"137":135,"152":138,"153":3,"154":135,"155":135,"156":135,"158":15,"163":2268,"167":2266,"168":2266,"173":540,"174":540,"175":540,"176":105,"178":435,"182":735,"184":735,"185":120,"188":615,"193":1281,"197":1278,"201":1283,"205":1284,"206":1283,"210":1145,"211":1144,"215":1144,"216":1143,"217":1142},"path":"/Users/logic/superfluid/ul-integration/contracts/AppLogic.sol","s":{"1":18,"2":17,"3":16,"4":15,"5":14,"6":14,"7":14,"8":14,"9":14,"10":14,"11":26,"12":151,"13":151,"14":151,"15":150,"16":150,"17":991,"18":991,"19":991,"20":991,"21":990,"22":990,"23":405,"24":585,"25":135,"26":138,"27":3,"28":135,"29":135,"30":135,"31":15,"32":2268,"33":2266,"34":2266,"35":540,"36":540,"37":540,"38":105,"39":435,"40":735,"41":735,"42":120,"43":615,"44":1281,"45":1278,"46":1283,"47":1284,"48":1145,"49":1144,"50":1143},"b":{"1":[1,17],"2":[1,16],"3":[1,15],"4":[1,14],"5":[1,150],"6":[1,990],"7":[405,585],"8":[3,135],"9":[105,435],"10":[120,615],"11":[1,1283],"12":[1,1144],"13":[1,1143],"14":[1,1142]},"f":{"1":18,"2":26,"3":151,"4":991,"5":991,"6":135,"7":138,"8":2268,"9":2266,"10":540,"11":735,"12":1281,"13":1278,"14":1283,"15":1284,"16":1145,"17":1144},"fnMap":{"1":{"name":"initialize","line":33,"loc":{"start":{"line":26,"column":4},"end":{"line":48,"column":4}}},"2":{"name":"withdraw","line":50,"loc":{"start":{"line":50,"column":4},"end":{"line":55,"column":4}}},"3":{"name":"afterAgreementCreated","line":73,"loc":{"start":{"line":61,"column":4},"end":{"line":81,"column":4}}},"4":{"name":"beforeAgreementUpdated","line":83,"loc":{"start":{"line":83,"column":4},"end":{"line":97,"column":4}}},"5":{"name":"afterAgreementUpdated","line":110,"loc":{"start":{"line":99,"column":4},"end":{"line":122,"column":4}}},"6":{"name":"beforeAgreementTerminated","line":124,"loc":{"start":{"line":124,"column":4},"end":{"line":138,"column":4}}},"7":{"name":"afterAgreementTerminated","line":149,"loc":{"start":{"line":140,"column":4},"end":{"line":160,"column":4}}},"8":{"name":"_getFlowRateByID","line":162,"loc":{"start":{"line":162,"column":4},"end":{"line":164,"column":4}}},"9":{"name":"_clip96x32","line":166,"loc":{"start":{"line":166,"column":4},"end":{"line":169,"column":4}}},"10":{"name":"_reduceFlowBy","line":172,"loc":{"start":{"line":172,"column":4},"end":{"line":179,"column":4}}},"11":{"name":"_increaseFlowBy","line":181,"loc":{"start":{"line":181,"column":4},"end":{"line":190,"column":4}}},"12":{"name":"_isSameToken","line":192,"loc":{"start":{"line":192,"column":4},"end":{"line":194,"column":4}}},"13":{"name":"_isCFAv1","line":196,"loc":{"start":{"line":196,"column":4},"end":{"line":198,"column":4}}},"14":{"name":"_isCtxValid","line":200,"loc":{"start":{"line":200,"column":4},"end":{"line":202,"column":4}}},"15":{"name":"onlyHost","line":204,"loc":{"start":{"line":204,"column":4},"end":{"line":207,"column":4}}},"16":{"name":"validCtx","line":209,"loc":{"start":{"line":209,"column":4},"end":{"line":212,"column":4}}},"17":{"name":"onlyExpected","line":214,"loc":{"start":{"line":214,"column":4},"end":{"line":218,"column":4}}}},"statementMap":{"1":{"start":{"line":35,"column":8},"end":{"line":35,"column":60}},"2":{"start":{"line":36,"column":8},"end":{"line":36,"column":75}},"3":{"start":{"line":37,"column":8},"end":{"line":37,"column":64}},"4":{"start":{"line":38,"column":8},"end":{"line":38,"column":60}},"5":{"start":{"line":40,"column":8},"end":{"line":40,"column":32}},"6":{"start":{"line":41,"column":8},"end":{"line":41,"column":1705}},"7":{"start":{"line":44,"column":8},"end":{"line":44,"column":50}},"8":{"start":{"line":45,"column":8},"end":{"line":45,"column":32}},"9":{"start":{"line":46,"column":8},"end":{"line":46,"column":33}},"10":{"start":{"line":47,"column":8},"end":{"line":47,"column":47}},"11":{"start":{"line":51,"column":8},"end":{"line":51,"column":2023}},"12":{"start":{"line":76,"column":8},"end":{"line":76,"column":73}},"13":{"start":{"line":77,"column":8},"end":{"line":77,"column":54}},"14":{"start":{"line":78,"column":8},"end":{"line":78,"column":70}},"15":{"start":{"line":79,"column":8},"end":{"line":79,"column":58}},"16":{"start":{"line":80,"column":8},"end":{"line":80,"column":40}},"17":{"start":{"line":96,"column":8},"end":{"line":96,"column":68}},"18":{"start":{"line":113,"column":8},"end":{"line":113,"column":62}},"19":{"start":{"line":114,"column":8},"end":{"line":114,"column":57}},"20":{"start":{"line":115,"column":8},"end":{"line":115,"column":73}},"21":{"start":{"line":116,"column":8},"end":{"line":116,"column":58}},"22":{"start":{"line":117,"column":8},"end":{"line":117,"column":4031}},"23":{"start":{"line":118,"column":12},"end":{"line":118,"column":78}},"24":{"start":{"line":120,"column":12},"end":{"line":120,"column":80}},"25":{"start":{"line":137,"column":8},"end":{"line":137,"column":68}},"26":{"start":{"line":152,"column":8},"end":{"line":152,"column":4991}},"27":{"start":{"line":153,"column":12},"end":{"line":153,"column":22}},"28":{"start":{"line":154,"column":8},"end":{"line":154,"column":63}},"29":{"start":{"line":155,"column":8},"end":{"line":155,"column":73}},"30":{"start":{"line":156,"column":8},"end":{"line":156,"column":5232}},"31":{"start":{"line":158,"column":12},"end":{"line":158,"column":63}},"32":{"start":{"line":163,"column":8},"end":{"line":163,"column":68}},"33":{"start":{"line":167,"column":8},"end":{"line":167,"column":28}},"34":{"start":{"line":168,"column":8},"end":{"line":168,"column":21}},"35":{"start":{"line":173,"column":8},"end":{"line":173,"column":95}},"36":{"start":{"line":174,"column":8},"end":{"line":174,"column":52}},"37":{"start":{"line":175,"column":8},"end":{"line":175,"column":5977}},"38":{"start":{"line":176,"column":12},"end":{"line":176,"column":94}},"39":{"start":{"line":178,"column":8},"end":{"line":178,"column":91}},"40":{"start":{"line":182,"column":8},"end":{"line":182,"column":95}},"41":{"start":{"line":184,"column":8},"end":{"line":184,"column":6519}},"42":{"start":{"line":185,"column":12},"end":{"line":185,"column":87}},"43":{"start":{"line":188,"column":12},"end":{"line":188,"column":104}},"44":{"start":{"line":193,"column":8},"end":{"line":193,"column":60}},"45":{"start":{"line":197,"column":8},"end":{"line":197,"column":71}},"46":{"start":{"line":201,"column":8},"end":{"line":201,"column":35}},"47":{"start":{"line":205,"column":8},"end":{"line":205,"column":63}},"48":{"start":{"line":210,"column":8},"end":{"line":210,"column":56}},"49":{"start":{"line":215,"column":8},"end":{"line":215,"column":67}},"50":{"start":{"line":216,"column":8},"end":{"line":216,"column":62}}},"branchMap":{"1":{"line":35,"type":"if","locations":[{"start":{"line":35,"column":8},"end":{"line":35,"column":8}},{"start":{"line":35,"column":8},"end":{"line":35,"column":8}}]},"2":{"line":36,"type":"if","locations":[{"start":{"line":36,"column":8},"end":{"line":36,"column":8}},{"start":{"line":36,"column":8},"end":{"line":36,"column":8}}]},"3":{"line":37,"type":"if","locations":[{"start":{"line":37,"column":8},"end":{"line":37,"column":8}},{"start":{"line":37,"column":8},"end":{"line":37,"column":8}}]},"4":{"line":38,"type":"if","locations":[{"start":{"line":38,"column":8},"end":{"line":38,"column":8}},{"start":{"line":38,"column":8},"end":{"line":38,"column":8}}]},"5":{"line":78,"type":"if","locations":[{"start":{"line":78,"column":8},"end":{"line":78,"column":8}},{"start":{"line":78,"column":8},"end":{"line":78,"column":8}}]},"6":{"line":115,"type":"if","locations":[{"start":{"line":115,"column":8},"end":{"line":115,"column":8}},{"start":{"line":115,"column":8},"end":{"line":115,"column":8}}]},"7":{"line":117,"type":"if","locations":[{"start":{"line":117,"column":8},"end":{"line":117,"column":8}},{"start":{"line":117,"column":8},"end":{"line":117,"column":8}}]},"8":{"line":152,"type":"if","locations":[{"start":{"line":152,"column":8},"end":{"line":152,"column":8}},{"start":{"line":152,"column":8},"end":{"line":152,"column":8}}]},"9":{"line":175,"type":"if","locations":[{"start":{"line":175,"column":8},"end":{"line":175,"column":8}},{"start":{"line":175,"column":8},"end":{"line":175,"column":8}}]},"10":{"line":184,"type":"if","locations":[{"start":{"line":184,"column":8},"end":{"line":184,"column":8}},{"start":{"line":184,"column":8},"end":{"line":184,"column":8}}]},"11":{"line":205,"type":"if","locations":[{"start":{"line":205,"column":8},"end":{"line":205,"column":8}},{"start":{"line":205,"column":8},"end":{"line":205,"column":8}}]},"12":{"line":210,"type":"if","locations":[{"start":{"line":210,"column":8},"end":{"line":210,"column":8}},{"start":{"line":210,"column":8},"end":{"line":210,"column":8}}]},"13":{"line":215,"type":"if","locations":[{"start":{"line":215,"column":8},"end":{"line":215,"column":8}},{"start":{"line":215,"column":8},"end":{"line":215,"column":8}}]},"14":{"line":216,"type":"if","locations":[{"start":{"line":216,"column":8},"end":{"line":216,"column":8}},{"start":{"line":216,"column":8},"end":{"line":216,"column":8}}]}}},"contracts/CloneFactory.sol":{"l":{"20":6,"21":6,"33":18,"34":18,"35":14,"36":14,"37":14,"41":19,"42":18},"path":"/Users/logic/superfluid/ul-integration/contracts/CloneFactory.sol","s":{"1":6,"2":6,"3":18,"4":18,"5":14,"6":14,"7":14,"8":19},"b":{"1":[1,18]},"f":{"1":6,"2":18,"3":19},"fnMap":{"1":{"name":"constructor","line":19,"loc":{"start":{"line":19,"column":4},"end":{"line":22,"column":4}}},"2":{"name":"deployNewApp","line":30,"loc":{"start":{"line":24,"column":4},"end":{"line":38,"column":4}}},"3":{"name":"onlyOwner","line":40,"loc":{"start":{"line":40,"column":4},"end":{"line":43,"column":4}}}},"statementMap":{"1":{"start":{"line":20,"column":8},"end":{"line":20,"column":25}},"2":{"start":{"line":21,"column":8},"end":{"line":21,"column":55}},"3":{"start":{"line":33,"column":8},"end":{"line":33,"column":75}},"4":{"start":{"line":34,"column":8},"end":{"line":34,"column":81}},"5":{"start":{"line":35,"column":8},"end":{"line":35,"column":81}},"6":{"start":{"line":36,"column":8},"end":{"line":36,"column":79}},"7":{"start":{"line":37,"column":8},"end":{"line":37,"column":26}},"8":{"start":{"line":41,"column":8},"end":{"line":41,"column":56}}},"branchMap":{"1":{"line":41,"type":"if","locations":[{"start":{"line":41,"column":8},"end":{"line":41,"column":8}},{"start":{"line":41,"column":8},"end":{"line":41,"column":8}}]}}},"contracts/interfaces/ILocker.sol":{"l":{},"path":"/Users/logic/superfluid/ul-integration/contracts/interfaces/ILocker.sol","s":{},"b":{},"f":{},"fnMap":{},"statementMap":{},"branchMap":{}},"contracts/libs/Errors.sol":{"l":{},"path":"/Users/logic/superfluid/ul-integration/contracts/libs/Errors.sol","s":{},"b":{},"f":{},"fnMap":{},"statementMap":{},"branchMap":{}},"contracts/mocks/HostMock.sol":{"l":{"12":3,"26":4,"47":3,"60":2,"63":6,"64":6},"path":"/Users/logic/superfluid/ul-integration/contracts/mocks/HostMock.sol","s":{"1":3,"2":4,"3":3,"4":2,"5":6,"6":6},"b":{},"f":{"1":3,"2":4,"3":3,"4":2,"5":2,"6":6},"fnMap":{"1":{"name":"setMyCtxStamp","line":11,"loc":{"start":{"line":11,"column":4},"end":{"line":13,"column":4}}},"2":{"name":"call_afterAgreementCreated","line":15,"loc":{"start":{"line":15,"column":4},"end":{"line":34,"column":4}}},"3":{"name":"call_afterAgreementTerminated","line":36,"loc":{"start":{"line":36,"column":4},"end":{"line":55,"column":4}}},"4":{"name":"registerAppByFactory","line":57,"loc":{"start":{"line":57,"column":4},"end":{"line":58,"column":4}}},"5":{"name":"getAgreementClass","line":59,"loc":{"start":{"line":59,"column":4},"end":{"line":61,"column":4}}},"6":{"name":"isCtxValid","line":62,"loc":{"start":{"line":62,"column":4},"end":{"line":65,"column":4}}}},"statementMap":{"1":{"start":{"line":12,"column":8},"end":{"line":12,"column":23}},"2":{"start":{"line":26,"column":4},"end":{"line":26,"column":662}},"3":{"start":{"line":47,"column":8},"end":{"line":47,"column":1111}},"4":{"start":{"line":60,"column":8},"end":{"line":60,"column":42}},"5":{"start":{"line":63,"column":8},"end":{"line":63,"column":28}},"6":{"start":{"line":64,"column":8},"end":{"line":64,"column":54}}},"branchMap":{}},"contracts/mocks/LockerMock.sol":{"l":{"17":1,"18":1,"22":150,"23":150,"27":135,"28":120},"path":"/Users/logic/superfluid/ul-integration/contracts/mocks/LockerMock.sol","s":{"1":1,"2":1,"3":150,"4":150,"5":135,"6":120},"b":{"1":[150,0],"2":[120,15]},"f":{"1":1,"2":150,"3":135},"fnMap":{"1":{"name":"setReverts","line":16,"loc":{"start":{"line":16,"column":4},"end":{"line":19,"column":4}}},"2":{"name":"grantKey","line":21,"loc":{"start":{"line":21,"column":4},"end":{"line":24,"column":4}}},"3":{"name":"cancelAndRefund","line":26,"loc":{"start":{"line":26,"column":4},"end":{"line":29,"column":4}}}},"statementMap":{"1":{"start":{"line":17,"column":8},"end":{"line":17,"column":32}},"2":{"start":{"line":18,"column":8},"end":{"line":18,"column":46}},"3":{"start":{"line":22,"column":8},"end":{"line":22,"column":50}},"4":{"start":{"line":23,"column":8},"end":{"line":23,"column":40}},"5":{"start":{"line":27,"column":8},"end":{"line":27,"column":64}},"6":{"start":{"line":28,"column":8},"end":{"line":28,"column":37}}},"branchMap":{"1":{"line":22,"type":"if","locations":[{"start":{"line":22,"column":8},"end":{"line":22,"column":8}},{"start":{"line":22,"column":8},"end":{"line":22,"column":8}}]},"2":{"line":27,"type":"if","locations":[{"start":{"line":27,"column":8},"end":{"line":27,"column":8}},{"start":{"line":27,"column":8},"end":{"line":27,"column":8}}]}}},"contracts/mocks/MockCFAv1.sol":{"l":{"8":0,"11":0},"path":"/Users/logic/superfluid/ul-integration/contracts/mocks/MockCFAv1.sol","s":{"1":0,"2":0},"b":{},"f":{"1":0,"2":0},"fnMap":{"1":{"name":"agreementTypeString","line":7,"loc":{"start":{"line":7,"column":4},"end":{"line":9,"column":4}}},"2":{"name":"agreementType","line":10,"loc":{"start":{"line":10,"column":4},"end":{"line":12,"column":4}}}},"statementMap":{"1":{"start":{"line":8,"column":8},"end":{"line":8,"column":35}},"2":{"start":{"line":11,"column":8},"end":{"line":11,"column":58}}},"branchMap":{}}}