{"contracts/AppLogic.sol":{"l":{"35":21,"36":20,"37":19,"38":18,"40":17,"41":17,"44":17,"45":17,"46":17,"47":17,"51":26,"75":151,"76":151,"77":151,"78":150,"79":150,"93":991,"110":991,"111":991,"112":991,"113":990,"114":990,"115":405,"117":585,"134":138,"135":3,"136":135,"151":138,"152":3,"153":135,"154":135,"155":135,"157":15,"162":2268,"166":2266,"167":2266,"172":540,"173":540,"174":540,"175":105,"177":435,"181":735,"183":735,"184":120,"187":615,"192":1418,"196":1415,"200":1421,"204":1424,"205":1421,"209":1145,"210":1144,"214":1144,"215":1143,"216":1142},"path":"/Users/logic/superfluid/ul-integration/contracts/AppLogic.sol","s":{"1":21,"2":20,"3":19,"4":18,"5":17,"6":17,"7":17,"8":17,"9":17,"10":17,"11":26,"12":151,"13":151,"14":151,"15":150,"16":150,"17":991,"18":991,"19":991,"20":991,"21":990,"22":990,"23":405,"24":585,"25":138,"26":3,"27":135,"28":138,"29":3,"30":135,"31":135,"32":135,"33":15,"34":2268,"35":2266,"36":2266,"37":540,"38":540,"39":540,"40":105,"41":435,"42":735,"43":735,"44":120,"45":615,"46":1418,"47":1415,"48":1421,"49":1424,"50":1145,"51":1144,"52":1143},"b":{"1":[1,20],"2":[1,19],"3":[1,18],"4":[1,17],"5":[1,150],"6":[1,990],"7":[405,585],"8":[3,135],"9":[3,135],"10":[105,435],"11":[120,615],"12":[3,1421],"13":[1,1144],"14":[1,1143],"15":[1,1142]},"f":{"1":21,"2":26,"3":151,"4":991,"5":991,"6":138,"7":138,"8":2268,"9":2266,"10":540,"11":735,"12":1418,"13":1415,"14":1421,"15":1424,"16":1145,"17":1144},"fnMap":{"1":{"name":"initialize","line":33,"loc":{"start":{"line":26,"column":4},"end":{"line":48,"column":4}}},"2":{"name":"withdraw","line":50,"loc":{"start":{"line":50,"column":4},"end":{"line":55,"column":4}}},"3":{"name":"afterAgreementCreated","line":72,"loc":{"start":{"line":61,"column":4},"end":{"line":80,"column":4}}},"4":{"name":"beforeAgreementUpdated","line":82,"loc":{"start":{"line":82,"column":4},"end":{"line":94,"column":4}}},"5":{"name":"afterAgreementUpdated","line":107,"loc":{"start":{"line":96,"column":4},"end":{"line":119,"column":4}}},"6":{"name":"beforeAgreementTerminated","line":131,"loc":{"start":{"line":121,"column":4},"end":{"line":137,"column":4}}},"7":{"name":"afterAgreementTerminated","line":148,"loc":{"start":{"line":139,"column":4},"end":{"line":159,"column":4}}},"8":{"name":"_getFlowRateByID","line":161,"loc":{"start":{"line":161,"column":4},"end":{"line":163,"column":4}}},"9":{"name":"_clip96x32","line":165,"loc":{"start":{"line":165,"column":4},"end":{"line":168,"column":4}}},"10":{"name":"_reduceFlowBy","line":171,"loc":{"start":{"line":171,"column":4},"end":{"line":178,"column":4}}},"11":{"name":"_increaseFlowBy","line":180,"loc":{"start":{"line":180,"column":4},"end":{"line":189,"column":4}}},"12":{"name":"_isSameToken","line":191,"loc":{"start":{"line":191,"column":4},"end":{"line":193,"column":4}}},"13":{"name":"_isCFAv1","line":195,"loc":{"start":{"line":195,"column":4},"end":{"line":197,"column":4}}},"14":{"name":"_isCtxValid","line":199,"loc":{"start":{"line":199,"column":4},"end":{"line":201,"column":4}}},"15":{"name":"onlyHost","line":203,"loc":{"start":{"line":203,"column":4},"end":{"line":206,"column":4}}},"16":{"name":"validCtx","line":208,"loc":{"start":{"line":208,"column":4},"end":{"line":211,"column":4}}},"17":{"name":"onlyExpected","line":213,"loc":{"start":{"line":213,"column":4},"end":{"line":217,"column":4}}}},"statementMap":{"1":{"start":{"line":35,"column":8},"end":{"line":35,"column":60}},"2":{"start":{"line":36,"column":8},"end":{"line":36,"column":75}},"3":{"start":{"line":37,"column":8},"end":{"line":37,"column":64}},"4":{"start":{"line":38,"column":8},"end":{"line":38,"column":60}},"5":{"start":{"line":40,"column":8},"end":{"line":40,"column":32}},"6":{"start":{"line":41,"column":8},"end":{"line":41,"column":1705}},"7":{"start":{"line":44,"column":8},"end":{"line":44,"column":50}},"8":{"start":{"line":45,"column":8},"end":{"line":45,"column":32}},"9":{"start":{"line":46,"column":8},"end":{"line":46,"column":33}},"10":{"start":{"line":47,"column":8},"end":{"line":47,"column":47}},"11":{"start":{"line":51,"column":8},"end":{"line":51,"column":2023}},"12":{"start":{"line":75,"column":8},"end":{"line":75,"column":73}},"13":{"start":{"line":76,"column":8},"end":{"line":76,"column":54}},"14":{"start":{"line":77,"column":8},"end":{"line":77,"column":70}},"15":{"start":{"line":78,"column":8},"end":{"line":78,"column":58}},"16":{"start":{"line":79,"column":8},"end":{"line":79,"column":40}},"17":{"start":{"line":93,"column":8},"end":{"line":93,"column":68}},"18":{"start":{"line":110,"column":8},"end":{"line":110,"column":62}},"19":{"start":{"line":111,"column":8},"end":{"line":111,"column":57}},"20":{"start":{"line":112,"column":8},"end":{"line":112,"column":73}},"21":{"start":{"line":113,"column":8},"end":{"line":113,"column":58}},"22":{"start":{"line":114,"column":8},"end":{"line":114,"column":4011}},"23":{"start":{"line":115,"column":12},"end":{"line":115,"column":78}},"24":{"start":{"line":117,"column":12},"end":{"line":117,"column":80}},"25":{"start":{"line":134,"column":8},"end":{"line":134,"column":4570}},"26":{"start":{"line":135,"column":12},"end":{"line":135,"column":21}},"27":{"start":{"line":136,"column":8},"end":{"line":136,"column":68}},"28":{"start":{"line":151,"column":8},"end":{"line":151,"column":5073}},"29":{"start":{"line":152,"column":12},"end":{"line":152,"column":22}},"30":{"start":{"line":153,"column":8},"end":{"line":153,"column":63}},"31":{"start":{"line":154,"column":8},"end":{"line":154,"column":73}},"32":{"start":{"line":155,"column":8},"end":{"line":155,"column":5314}},"33":{"start":{"line":157,"column":12},"end":{"line":157,"column":63}},"34":{"start":{"line":162,"column":8},"end":{"line":162,"column":68}},"35":{"start":{"line":166,"column":8},"end":{"line":166,"column":28}},"36":{"start":{"line":167,"column":8},"end":{"line":167,"column":21}},"37":{"start":{"line":172,"column":8},"end":{"line":172,"column":95}},"38":{"start":{"line":173,"column":8},"end":{"line":173,"column":52}},"39":{"start":{"line":174,"column":8},"end":{"line":174,"column":6059}},"40":{"start":{"line":175,"column":12},"end":{"line":175,"column":94}},"41":{"start":{"line":177,"column":8},"end":{"line":177,"column":91}},"42":{"start":{"line":181,"column":8},"end":{"line":181,"column":95}},"43":{"start":{"line":183,"column":8},"end":{"line":183,"column":6601}},"44":{"start":{"line":184,"column":12},"end":{"line":184,"column":87}},"45":{"start":{"line":187,"column":12},"end":{"line":187,"column":104}},"46":{"start":{"line":192,"column":8},"end":{"line":192,"column":60}},"47":{"start":{"line":196,"column":8},"end":{"line":196,"column":71}},"48":{"start":{"line":200,"column":8},"end":{"line":200,"column":35}},"49":{"start":{"line":204,"column":8},"end":{"line":204,"column":63}},"50":{"start":{"line":209,"column":8},"end":{"line":209,"column":56}},"51":{"start":{"line":214,"column":8},"end":{"line":214,"column":67}},"52":{"start":{"line":215,"column":8},"end":{"line":215,"column":62}}},"branchMap":{"1":{"line":35,"type":"if","locations":[{"start":{"line":35,"column":8},"end":{"line":35,"column":8}},{"start":{"line":35,"column":8},"end":{"line":35,"column":8}}]},"2":{"line":36,"type":"if","locations":[{"start":{"line":36,"column":8},"end":{"line":36,"column":8}},{"start":{"line":36,"column":8},"end":{"line":36,"column":8}}]},"3":{"line":37,"type":"if","locations":[{"start":{"line":37,"column":8},"end":{"line":37,"column":8}},{"start":{"line":37,"column":8},"end":{"line":37,"column":8}}]},"4":{"line":38,"type":"if","locations":[{"start":{"line":38,"column":8},"end":{"line":38,"column":8}},{"start":{"line":38,"column":8},"end":{"line":38,"column":8}}]},"5":{"line":77,"type":"if","locations":[{"start":{"line":77,"column":8},"end":{"line":77,"column":8}},{"start":{"line":77,"column":8},"end":{"line":77,"column":8}}]},"6":{"line":112,"type":"if","locations":[{"start":{"line":112,"column":8},"end":{"line":112,"column":8}},{"start":{"line":112,"column":8},"end":{"line":112,"column":8}}]},"7":{"line":114,"type":"if","locations":[{"start":{"line":114,"column":8},"end":{"line":114,"column":8}},{"start":{"line":114,"column":8},"end":{"line":114,"column":8}}]},"8":{"line":134,"type":"if","locations":[{"start":{"line":134,"column":8},"end":{"line":134,"column":8}},{"start":{"line":134,"column":8},"end":{"line":134,"column":8}}]},"9":{"line":151,"type":"if","locations":[{"start":{"line":151,"column":8},"end":{"line":151,"column":8}},{"start":{"line":151,"column":8},"end":{"line":151,"column":8}}]},"10":{"line":174,"type":"if","locations":[{"start":{"line":174,"column":8},"end":{"line":174,"column":8}},{"start":{"line":174,"column":8},"end":{"line":174,"column":8}}]},"11":{"line":183,"type":"if","locations":[{"start":{"line":183,"column":8},"end":{"line":183,"column":8}},{"start":{"line":183,"column":8},"end":{"line":183,"column":8}}]},"12":{"line":204,"type":"if","locations":[{"start":{"line":204,"column":8},"end":{"line":204,"column":8}},{"start":{"line":204,"column":8},"end":{"line":204,"column":8}}]},"13":{"line":209,"type":"if","locations":[{"start":{"line":209,"column":8},"end":{"line":209,"column":8}},{"start":{"line":209,"column":8},"end":{"line":209,"column":8}}]},"14":{"line":214,"type":"if","locations":[{"start":{"line":214,"column":8},"end":{"line":214,"column":8}},{"start":{"line":214,"column":8},"end":{"line":214,"column":8}}]},"15":{"line":215,"type":"if","locations":[{"start":{"line":215,"column":8},"end":{"line":215,"column":8}},{"start":{"line":215,"column":8},"end":{"line":215,"column":8}}]}}},"contracts/CloneFactory.sol":{"l":{"20":6,"21":6,"33":21,"34":21,"35":17,"36":17,"37":17,"41":22,"42":21},"path":"/Users/logic/superfluid/ul-integration/contracts/CloneFactory.sol","s":{"1":6,"2":6,"3":21,"4":21,"5":17,"6":17,"7":17,"8":22},"b":{"1":[1,21]},"f":{"1":6,"2":21,"3":22},"fnMap":{"1":{"name":"constructor","line":19,"loc":{"start":{"line":19,"column":4},"end":{"line":22,"column":4}}},"2":{"name":"deployNewApp","line":30,"loc":{"start":{"line":24,"column":4},"end":{"line":38,"column":4}}},"3":{"name":"onlyOwner","line":40,"loc":{"start":{"line":40,"column":4},"end":{"line":43,"column":4}}}},"statementMap":{"1":{"start":{"line":20,"column":8},"end":{"line":20,"column":25}},"2":{"start":{"line":21,"column":8},"end":{"line":21,"column":55}},"3":{"start":{"line":33,"column":8},"end":{"line":33,"column":75}},"4":{"start":{"line":34,"column":8},"end":{"line":34,"column":81}},"5":{"start":{"line":35,"column":8},"end":{"line":35,"column":81}},"6":{"start":{"line":36,"column":8},"end":{"line":36,"column":79}},"7":{"start":{"line":37,"column":8},"end":{"line":37,"column":26}},"8":{"start":{"line":41,"column":8},"end":{"line":41,"column":56}}},"branchMap":{"1":{"line":41,"type":"if","locations":[{"start":{"line":41,"column":8},"end":{"line":41,"column":8}},{"start":{"line":41,"column":8},"end":{"line":41,"column":8}}]}}},"contracts/interfaces/ILocker.sol":{"l":{},"path":"/Users/logic/superfluid/ul-integration/contracts/interfaces/ILocker.sol","s":{},"b":{},"f":{},"fnMap":{},"statementMap":{},"branchMap":{}},"contracts/libs/Errors.sol":{"l":{},"path":"/Users/logic/superfluid/ul-integration/contracts/libs/Errors.sol","s":{},"b":{},"f":{},"fnMap":{},"statementMap":{},"branchMap":{}},"contracts/mocks/HostMock.sol":{"l":{"21":4,"41":4,"48":3,"49":3,"64":4,"73":3,"74":3,"83":3,"86":9},"path":"/Users/logic/superfluid/ul-integration/contracts/mocks/HostMock.sol","s":{"1":4,"2":4,"3":3,"4":3,"5":4,"6":3,"7":3,"8":3,"9":9},"b":{"1":[3,0],"2":[0,3],"3":[3,0],"4":[0,3]},"f":{"1":4,"2":4,"3":4,"4":3,"5":3,"6":9},"fnMap":{"1":{"name":"call_afterAgreementCreated","line":10,"loc":{"start":{"line":10,"column":4},"end":{"line":29,"column":4}}},"2":{"name":"call_beforeAgreementTerminated","line":31,"loc":{"start":{"line":31,"column":4},"end":{"line":51,"column":4}}},"3":{"name":"call_afterAgreementTerminated","line":53,"loc":{"start":{"line":53,"column":4},"end":{"line":76,"column":4}}},"4":{"name":"registerAppByFactory","line":80,"loc":{"start":{"line":80,"column":4},"end":{"line":81,"column":4}}},"5":{"name":"getAgreementClass","line":82,"loc":{"start":{"line":82,"column":4},"end":{"line":84,"column":4}}},"6":{"name":"isCtxValid","line":85,"loc":{"start":{"line":85,"column":4},"end":{"line":87,"column":4}}}},"statementMap":{"1":{"start":{"line":21,"column":8},"end":{"line":21,"column":586}},"2":{"start":{"line":41,"column":8},"end":{"line":41,"column":1030}},"3":{"start":{"line":48,"column":8},"end":{"line":48,"column":1221}},"4":{"start":{"line":49,"column":12},"end":{"line":49,"column":72}},"5":{"start":{"line":64,"column":8},"end":{"line":64,"column":1627}},"6":{"start":{"line":73,"column":8},"end":{"line":73,"column":1898}},"7":{"start":{"line":74,"column":12},"end":{"line":74,"column":72}},"8":{"start":{"line":83,"column":8},"end":{"line":83,"column":42}},"9":{"start":{"line":86,"column":8},"end":{"line":86,"column":32}}},"branchMap":{"1":{"line":48,"type":"if","locations":[{"start":{"line":48,"column":8},"end":{"line":48,"column":8}},{"start":{"line":48,"column":8},"end":{"line":48,"column":8}}]},"2":{"line":49,"type":"if","locations":[{"start":{"line":49,"column":12},"end":{"line":49,"column":12}},{"start":{"line":49,"column":12},"end":{"line":49,"column":12}}]},"3":{"line":73,"type":"if","locations":[{"start":{"line":73,"column":8},"end":{"line":73,"column":8}},{"start":{"line":73,"column":8},"end":{"line":73,"column":8}}]},"4":{"line":74,"type":"if","locations":[{"start":{"line":74,"column":12},"end":{"line":74,"column":12}},{"start":{"line":74,"column":12},"end":{"line":74,"column":12}}]}}},"contracts/mocks/LockerMock.sol":{"l":{"17":1,"18":1,"22":150,"23":150,"27":135,"28":120},"path":"/Users/logic/superfluid/ul-integration/contracts/mocks/LockerMock.sol","s":{"1":1,"2":1,"3":150,"4":150,"5":135,"6":120},"b":{"1":[150,0],"2":[120,15]},"f":{"1":1,"2":150,"3":135},"fnMap":{"1":{"name":"setReverts","line":16,"loc":{"start":{"line":16,"column":4},"end":{"line":19,"column":4}}},"2":{"name":"grantKey","line":21,"loc":{"start":{"line":21,"column":4},"end":{"line":24,"column":4}}},"3":{"name":"cancelAndRefund","line":26,"loc":{"start":{"line":26,"column":4},"end":{"line":29,"column":4}}}},"statementMap":{"1":{"start":{"line":17,"column":8},"end":{"line":17,"column":33}},"2":{"start":{"line":18,"column":8},"end":{"line":18,"column":47}},"3":{"start":{"line":22,"column":8},"end":{"line":22,"column":50}},"4":{"start":{"line":23,"column":8},"end":{"line":23,"column":40}},"5":{"start":{"line":27,"column":8},"end":{"line":27,"column":64}},"6":{"start":{"line":28,"column":8},"end":{"line":28,"column":37}}},"branchMap":{"1":{"line":22,"type":"if","locations":[{"start":{"line":22,"column":8},"end":{"line":22,"column":8}},{"start":{"line":22,"column":8},"end":{"line":22,"column":8}}]},"2":{"line":27,"type":"if","locations":[{"start":{"line":27,"column":8},"end":{"line":27,"column":8}},{"start":{"line":27,"column":8},"end":{"line":27,"column":8}}]}}},"contracts/mocks/MockCFAv1.sol":{"l":{"8":0,"11":3},"path":"/Users/logic/superfluid/ul-integration/contracts/mocks/MockCFAv1.sol","s":{"1":0,"2":3},"b":{},"f":{"1":0,"2":3},"fnMap":{"1":{"name":"agreementTypeString","line":7,"loc":{"start":{"line":7,"column":4},"end":{"line":9,"column":4}}},"2":{"name":"agreementType","line":10,"loc":{"start":{"line":10,"column":4},"end":{"line":12,"column":4}}}},"statementMap":{"1":{"start":{"line":8,"column":8},"end":{"line":8,"column":35}},"2":{"start":{"line":11,"column":8},"end":{"line":11,"column":58}}},"branchMap":{}}}